<?xml version="1.0" encoding="UTF-8"?>
<!-- Generated by org.testng.reporters.JUnitReportReporter -->
<testsuite hostname="Itctesting20" failures="0" tests="1" name="bike_g_testng.Register" time="5.226" errors="0" timestamp="2022-07-09T12:25:37 GMT+05:30" skipped="0">
  <testcase classname="bike_g_testng.Register" name="f" time="5.226"/>
  <system-out/>
</testsuite> <!-- bike_g_testng.Register -->
