<?xml version="1.0" encoding="UTF-8"?>
<!-- Generated by org.testng.reporters.JUnitReportReporter -->
<testsuite hostname="Itctesting20" failures="0" tests="1" name="bike_excel.biketest" time="4.939" errors="0" timestamp="2022-07-08T11:53:11 GMT+05:30" skipped="0">
  <testcase classname="bike_excel.biketest" name="login" time="4.939"/>
  <system-out/>
</testsuite> <!-- bike_excel.biketest -->
