<?xml version="1.0" encoding="UTF-8"?>
<!-- Generated by org.testng.reporters.JUnitReportReporter -->
<testsuite hostname="Itctesting20" failures="0" tests="2" name="Bike.Contact" time="9.644" errors="0" timestamp="2022-07-09T12:21:01 GMT+05:30" skipped="0">
  <testcase classname="Bike.Contact" name="test" time="4.695"/>
  <system-out/>
  <testcase classname="Bike.Contact" name="test" time="4.949"/>
  <system-out/>
</testsuite> <!-- Bike.Contact -->
