<?xml version="1.0" encoding="UTF-8"?>
<!-- Generated by org.testng.reporters.JUnitReportReporter -->
<testsuite hostname="Itctesting20" failures="0" tests="1" name="bike_excel.Booking" time="7.832" errors="0" timestamp="2022-07-08T11:53:37 GMT+05:30" skipped="0">
  <testcase classname="bike_excel.Booking" name="contact" time="7.832"/>
  <system-out/>
</testsuite> <!-- bike_excel.Booking -->
