<?xml version="1.0" encoding="UTF-8"?>
<!-- Generated by org.testng.reporters.JUnitReportReporter -->
<testsuite hostname="Itctesting20" failures="0" tests="2" name="Bike.Register" time="26.809" errors="0" timestamp="2022-07-09T12:21:01 GMT+05:30" skipped="0">
  <testcase classname="Bike.Register" name="test" time="13.307"/>
  <system-out/>
  <testcase classname="Bike.Register" name="test" time="13.502"/>
  <system-out/>
</testsuite> <!-- Bike.Register -->
