<?xml version="1.0" encoding="UTF-8"?>
<!-- Generated by org.testng.reporters.JUnitReportReporter -->
<testsuite hostname="Itctesting20" failures="0" tests="1" name="bike_g_testng.biketest" time="6.528" errors="0" timestamp="2022-07-07T22:26:50 GMT+05:30" skipped="0">
  <testcase classname="bike_g_testng.biketest" name="login" time="6.528"/>
  <system-out/>
</testsuite> <!-- bike_g_testng.biketest -->
