<?xml version="1.0" encoding="UTF-8"?>
<!-- Generated by org.testng.reporters.JUnitReportReporter -->
<testsuite hostname="Itctesting20" failures="0" tests="1" name="bike_excel.Register" time="5.354" errors="0" timestamp="2022-07-08T11:55:58 GMT+05:30" skipped="0">
  <testcase classname="bike_excel.Register" name="contact" time="5.354"/>
  <system-out/>
</testsuite> <!-- bike_excel.Register -->
