<?xml version="1.0" encoding="UTF-8"?>
<!-- Generated by org.testng.reporters.JUnitReportReporter -->
<testsuite hostname="Itctesting20" failures="0" tests="2" name="Bike.Login" time="21.602" errors="0" timestamp="2022-07-09T12:21:01 GMT+05:30" skipped="0">
  <testcase classname="Bike.Login" name="test" time="9.626"/>
  <system-out/>
  <testcase classname="Bike.Login" name="test" time="11.976"/>
  <system-out/>
</testsuite> <!-- Bike.Login -->
